2024-07-22 21:30:11,730 - utils - INFO - De Ambato a Guayaquil: 271.89 km, 5.33 horas
2024-07-22 21:30:11,731 - utils - INFO - Distancia total: 424.47 km, Tiempo total: 7.68 horas
2024-07-22 21:30:11,731 - root - INFO - Ruta calculada exitosamente: ['Quito', 'Ambato', 'Guayaquil']
2024-07-22 21:30:11,731 - root - INFO - Distancia total: 424.47 km, Tiempo total: 7.68 horas
2024-07-22 21:30:11,732 - werkzeug - INFO - 127.0.0.1 - - [22/Jul/2024 21:30:11] "POST /calculate HTTP/1.1" 200 -
2024-07-22 21:30:22,879 - root - INFO - Cálculo de ruta solicitado para las ciudades: ['Quito', 'Guayaquil', 'Durán', 'Ambato']
2024-07-22 21:30:22,880 - utils - INFO - Iniciando algoritmo del vecino más cercano con las ciudades: ['Quito', 'Guayaquil', 'Durán', 'Ambato']
2024-07-22 21:30:23,520 - utils - INFO - Añadida Ambato a la ruta
2024-07-22 21:30:23,936 - utils - INFO - Añadida Durán a la ruta
2024-07-22 21:30:24,201 - utils - INFO - Añadida Guayaquil a la ruta
2024-07-22 21:30:24,201 - utils - INFO - Ruta final calculada: ['Quito', 'Ambato', 'Durán', 'Guayaquil']
2024-07-22 21:30:24,201 - utils - INFO - Calculando distancia y tiempo total para la ruta: ['Quito', 'Ambato', 'Durán', 'Guayaquil']
2024-07-22 21:30:24,684 - utils - INFO - De Quito a Ambato: 152.59 km, 2.35 horas
2024-07-22 21:30:24,782 - utils - INFO - De Ambato a Durán: 262.34 km, 5.10 horas
2024-07-22 21:30:25,063 - utils - INFO - De Durán a Guayaquil: 9.55 km, 0.23 horas
2024-07-22 21:30:25,063 - utils - INFO - Distancia total: 424.48 km, Tiempo total: 7.68 horas
2024-07-22 21:30:25,063 - root - INFO - Ruta calculada exitosamente: ['Quito', 'Ambato', 'Durán', 'Guayaquil']
2024-07-22 21:30:25,063 - root - INFO - Distancia total: 424.48 km, Tiempo total: 7.68 horas
2024-07-22 21:30:25,064 - werkzeug - INFO - 127.0.0.1 - - [22/Jul/2024 21:30:25] "POST /calculate HTTP/1.1" 200 -
2024-07-22 21:37:36,892 - root - INFO - Cálculo de ruta solicitado para las ciudades: ['Cuenca', 'Salinas']
2024-07-22 21:37:36,892 - utils - INFO - Iniciando algoritmo del vecino más cercano con las ciudades: ['Cuenca', 'Salinas']
2024-07-22 21:37:37,398 - utils - WARNING - No se encontró información de distancia para Salinas
2024-07-22 21:37:37,399 - utils - INFO - Ruta final calculada: ['Cuenca']
2024-07-22 21:37:37,400 - utils - INFO - Calculando distancia y tiempo total para la ruta: ['Cuenca']
2024-07-22 21:37:37,400 - utils - INFO - Distancia total: 0.00 km, Tiempo total: 0.00 horas
2024-07-22 21:37:37,400 - root - INFO - Ruta calculada exitosamente: ['Cuenca']
2024-07-22 21:37:37,400 - root - INFO - Distancia total: 0.00 km, Tiempo total: 0.00 horas
2024-07-22 21:37:37,400 - werkzeug - INFO - 127.0.0.1 - - [22/Jul/2024 21:37:37] "POST /calculate HTTP/1.1" 200 -
2024-07-22 21:38:06,706 - root - INFO - Cálculo de ruta solicitado para las ciudades: ['Guayaquil', 'Cuenca']
2024-07-22 21:38:06,707 - utils - INFO - Iniciando algoritmo del vecino más cercano con las ciudades: ['Guayaquil', 'Cuenca']
2024-07-22 21:38:06,934 - utils - WARNING - No se encontró información de distancia para Cuenca
2024-07-22 21:38:06,935 - utils - INFO - Ruta final calculada: ['Guayaquil']
2024-07-22 21:38:06,936 - utils - INFO - Calculando distancia y tiempo total para la ruta: ['Guayaquil']
2024-07-22 21:38:06,936 - utils - INFO - Distancia total: 0.00 km, Tiempo total: 0.00 horas
2024-07-22 21:38:06,936 - root - INFO - Ruta calculada exitosamente: ['Guayaquil']
2024-07-22 21:38:06,936 - root - INFO - Distancia total: 0.00 km, Tiempo total: 0.00 horas
2024-07-22 21:38:06,937 - werkzeug - INFO - 127.0.0.1 - - [22/Jul/2024 21:38:06] "POST /calculate HTTP/1.1" 200 -
2024-07-22 21:38:12,770 - root - INFO - Cálculo de ruta solicitado para las ciudades: ['Guayaquil', 'Durán']
2024-07-22 21:38:12,771 - utils - INFO - Iniciando algoritmo del vecino más cercano con las ciudades: ['Guayaquil', 'Durán']
2024-07-22 21:38:13,282 - utils - INFO - Añadida Durán a la ruta
2024-07-22 21:38:13,283 - utils - INFO - Ruta final calculada: ['Guayaquil', 'Durán']
2024-07-22 21:38:13,284 - utils - INFO - Calculando distancia y tiempo total para la ruta: ['Guayaquil', 'Durán']
2024-07-22 21:38:13,494 - utils - INFO - De Guayaquil a Durán: 9.89 km, 0.24 horas
2024-07-22 21:38:13,494 - utils - INFO - Distancia total: 9.89 km, Tiempo total: 0.24 horas
2024-07-22 21:38:13,494 - root - INFO - Ruta calculada exitosamente: ['Guayaquil', 'Durán']
2024-07-22 21:38:13,494 - root - INFO - Distancia total: 9.89 km, Tiempo total: 0.24 horas
2024-07-22 21:38:13,494 - werkzeug - INFO - 127.0.0.1 - - [22/Jul/2024 21:38:13] "POST /calculate HTTP/1.1" 200 -
2024-07-22 21:38:30,759 - root - INFO - Cálculo de ruta solicitado para las ciudades: ['Guayaquil', 'Durán', 'Ambato']
2024-07-22 21:38:30,760 - utils - INFO - Iniciando algoritmo del vecino más cercano con las ciudades: ['Guayaquil', 'Durán', 'Ambato']
2024-07-22 21:38:31,425 - utils - INFO - Añadida Durán a la ruta
2024-07-22 21:38:31,646 - utils - INFO - Añadida Ambato a la ruta
2024-07-22 21:38:31,647 - utils - INFO - Ruta final calculada: ['Guayaquil', 'Durán', 'Ambato']
2024-07-22 21:38:31,648 - utils - INFO - Calculando distancia y tiempo total para la ruta: ['Guayaquil', 'Durán', 'Ambato']
2024-07-22 21:38:32,137 - utils - INFO - De Guayaquil a Durán: 9.89 km, 0.24 horas
2024-07-22 21:38:32,247 - utils - INFO - De Durán a Ambato: 263.31 km, 5.09 horas
2024-07-22 21:38:32,247 - utils - INFO - Distancia total: 273.20 km, Tiempo total: 5.33 horas
2024-07-22 21:38:32,248 - root - INFO - Ruta calculada exitosamente: ['Guayaquil', 'Durán', 'Ambato']
2024-07-22 21:38:32,249 - root - INFO - Distancia total: 273.20 km, Tiempo total: 5.33 horas
2024-07-22 21:38:32,249 - werkzeug - INFO - 127.0.0.1 - - [22/Jul/2024 21:38:32] "POST /calculate HTTP/1.1" 200 -
